Determining if the pthread_create exist failed with the following output:
Change Dir: /home/todd/vegastrike/vegastrike/build/CMakeFiles/CMakeTmp

Run Build Command:"/usr/bin/make" "cmTryCompileExec2294060547/fast"
/usr/bin/make -f CMakeFiles/cmTryCompileExec2294060547.dir/build.make CMakeFiles/cmTryCompileExec2294060547.dir/build
make[1]: Entering directory '/home/todd/vegastrike/vegastrike/build/CMakeFiles/CMakeTmp'
/usr/bin/cmake -E cmake_progress_report /home/todd/vegastrike/vegastrike/build/CMakeFiles/CMakeTmp/CMakeFiles 1
Building C object CMakeFiles/cmTryCompileExec2294060547.dir/CheckSymbolExists.c.o
/usr/bin/cc    -o CMakeFiles/cmTryCompileExec2294060547.dir/CheckSymbolExists.c.o   -c /home/todd/vegastrike/vegastrike/build/CMakeFiles/CMakeTmp/CheckSymbolExists.c
Linking C executable cmTryCompileExec2294060547
/usr/bin/cmake -E cmake_link_script CMakeFiles/cmTryCompileExec2294060547.dir/link.txt --verbose=1
/usr/bin/cc       CMakeFiles/cmTryCompileExec2294060547.dir/CheckSymbolExists.c.o  -o cmTryCompileExec2294060547 -rdynamic 
CMakeFiles/cmTryCompileExec2294060547.dir/CheckSymbolExists.c.o: In function `main':
CheckSymbolExists.c:(.text+0x16): undefined reference to `pthread_create'
collect2: error: ld returned 1 exit status
CMakeFiles/cmTryCompileExec2294060547.dir/build.make:88: recipe for target 'cmTryCompileExec2294060547' failed
make[1]: Leaving directory '/home/todd/vegastrike/vegastrike/build/CMakeFiles/CMakeTmp'
make[1]: *** [cmTryCompileExec2294060547] Error 1
Makefile:118: recipe for target 'cmTryCompileExec2294060547/fast' failed
make: *** [cmTryCompileExec2294060547/fast] Error 2

File /home/todd/vegastrike/vegastrike/build/CMakeFiles/CMakeTmp/CheckSymbolExists.c:
/* */
#include <pthread.h>

int main(int argc, char** argv)
{
  (void)argv;
#ifndef pthread_create
  return ((int*)(&pthread_create))[argc];
#else
  (void)argc;
  return 0;
#endif
}

Determining if the function pthread_create exists in the pthreads failed with the following output:
Change Dir: /home/todd/vegastrike/vegastrike/build/CMakeFiles/CMakeTmp

Run Build Command:"/usr/bin/make" "cmTryCompileExec2134215059/fast"
/usr/bin/make -f CMakeFiles/cmTryCompileExec2134215059.dir/build.make CMakeFiles/cmTryCompileExec2134215059.dir/build
make[1]: Entering directory '/home/todd/vegastrike/vegastrike/build/CMakeFiles/CMakeTmp'
/usr/bin/cmake -E cmake_progress_report /home/todd/vegastrike/vegastrike/build/CMakeFiles/CMakeTmp/CMakeFiles 1
Building C object CMakeFiles/cmTryCompileExec2134215059.dir/CheckFunctionExists.c.o
/usr/bin/cc   -DCHECK_FUNCTION_EXISTS=pthread_create   -o CMakeFiles/cmTryCompileExec2134215059.dir/CheckFunctionExists.c.o   -c /usr/share/cmake-3.0/Modules/CheckFunctionExists.c
Linking C executable cmTryCompileExec2134215059
/usr/bin/cmake -E cmake_link_script CMakeFiles/cmTryCompileExec2134215059.dir/link.txt --verbose=1
/usr/bin/cc   -DCHECK_FUNCTION_EXISTS=pthread_create    CMakeFiles/cmTryCompileExec2134215059.dir/CheckFunctionExists.c.o  -o cmTryCompileExec2134215059 -rdynamic -lpthreads 
/usr/bin/ld: cannot find -lpthreads
collect2: error: ld returned 1 exit status
CMakeFiles/cmTryCompileExec2134215059.dir/build.make:88: recipe for target 'cmTryCompileExec2134215059' failed
make[1]: *** [cmTryCompileExec2134215059] Error 1
make[1]: Leaving directory '/home/todd/vegastrike/vegastrike/build/CMakeFiles/CMakeTmp'
Makefile:118: recipe for target 'cmTryCompileExec2134215059/fast' failed
make: *** [cmTryCompileExec2134215059/fast] Error 2


